2026-06-08 02:42:43 [[32minfo[39m]: 🚀 Koro Funding API running on http://localhost:4000
2026-06-08 02:42:43 [[32minfo[39m]: 📊 Health check: http://localhost:4000/health
2026-06-08 02:42:43 [[32minfo[39m]: 🔌 Socket.io enabled
2026-06-08 02:42:43 [[32minfo[39m]: 🌍 CORS: http://localhost:3000
2026-06-08 02:46:53 [[32minfo[39m]: POST /api/v1/auth/login
2026-06-08 02:47:22 [[32minfo[39m]: POST /api/v1/auth/register
2026-06-08 02:47:22 [[32minfo[39m]: New trader registered: ajayrafii5@gmail.com
2026-06-08 02:47:42 [[32minfo[39m]: POST /api/v1/auth/login
2026-06-08 02:47:43 [[32minfo[39m]: Login: ajayrafii5@gmail.com
2026-06-08 03:04:35 [[32minfo[39m]: 🚀 Koro Funding API running on http://localhost:4000
2026-06-08 03:04:35 [[32minfo[39m]: 📊 Health check: http://localhost:4000/health
2026-06-08 03:04:35 [[32minfo[39m]: 🔌 Socket.io enabled
2026-06-08 03:04:35 [[32minfo[39m]: 🌍 CORS: http://localhost:3000
2026-06-08 03:04:39 [[32minfo[39m]: POST /api/v1/auth/login
2026-06-08 03:04:40 [[32minfo[39m]: Login: ajayrafii5@gmail.com
2026-06-08 03:05:01 [[32minfo[39m]: POST /api/v1/auth/login
2026-06-08 03:05:01 [[32minfo[39m]: Login: ajayrafii5@gmail.com
2026-06-08 03:06:56 [[32minfo[39m]: 🚀 Koro Funding API running on http://localhost:4000
2026-06-08 03:06:56 [[32minfo[39m]: 📊 Health check: http://localhost:4000/health
2026-06-08 03:06:56 [[32minfo[39m]: 🔌 Socket.io enabled
2026-06-08 03:06:56 [[32minfo[39m]: 🌍 CORS: http://localhost:3000
2026-06-08 03:10:02 [[32minfo[39m]: 🚀 Koro Funding API running on http://localhost:4000
2026-06-08 03:10:02 [[32minfo[39m]: 📊 Health check: http://localhost:4000/health
2026-06-08 03:10:02 [[32minfo[39m]: 🔌 Socket.io enabled
2026-06-08 03:10:02 [[32minfo[39m]: 🌍 CORS: http://localhost:3000
2026-06-08 03:18:34 [[32minfo[39m]: 🚀 Koro Funding API running on http://localhost:4000
2026-06-08 03:18:34 [[32minfo[39m]: 📊 Health check: http://localhost:4000/health
2026-06-08 03:18:34 [[32minfo[39m]: 🔌 Socket.io enabled
2026-06-08 03:18:34 [[32minfo[39m]: 🌍 CORS: http://localhost:3000
2026-06-08 03:18:39 [[32minfo[39m]: POST /api/v1/auth/login
2026-06-08 03:18:40 [[32minfo[39m]: Login: ajayrafii5@gmail.com
2026-06-08 03:20:23 [[32minfo[39m]: 🚀 Koro Funding API running on http://localhost:4000
2026-06-08 03:20:23 [[32minfo[39m]: 📊 Health check: http://localhost:4000/health
2026-06-08 03:20:23 [[32minfo[39m]: 🔌 Socket.io enabled
2026-06-08 03:20:23 [[32minfo[39m]: 🌍 CORS: http://localhost:3000
2026-06-08 03:20:34 [[32minfo[39m]: POST /api/v1/auth/login
2026-06-08 03:20:34 [[32minfo[39m]: Login: ajayrafii5@gmail.com
2026-06-08 03:21:00 [[32minfo[39m]: POST /api/v1/auth/login
2026-06-08 03:21:09 [[32minfo[39m]: POST /api/v1/auth/login
2026-06-08 03:21:09 [[32minfo[39m]: Login: ajayrafii5@gmail.com
2026-06-08 03:22:32 [[32minfo[39m]: POST /api/v1/auth/register
2026-06-08 03:22:32 [[32minfo[39m]: New trader registered: haidar@gmail.com
2026-06-08 03:25:13 [[32minfo[39m]: POST /api/v1/auth/register
2026-06-08 03:25:13 [[32minfo[39m]: New trader registered: jj@gmail.com
2026-06-08 03:26:25 [[32minfo[39m]: POST /api/v1/auth/register
2026-06-08 03:26:30 [[32minfo[39m]: POST /api/v1/auth/register
2026-06-08 03:26:30 [[32minfo[39m]: New trader registered: jjjk@gmail.com
2026-06-08 03:31:56 [[32minfo[39m]: POST /api/v1/auth/register
2026-06-08 03:31:57 [[32minfo[39m]: New trader registered: jjkl@gmail.com
2026-06-08 03:33:06 [[32minfo[39m]: POST /api/v1/auth/register
2026-06-08 03:33:06 [[32minfo[39m]: New trader registered: rdlmxwa933@gmail.com
2026-06-08 03:35:38 [[32minfo[39m]: POST /api/v1/auth/register
2026-06-08 03:35:39 [[32minfo[39m]: New trader registered: rdlmxwa@gmail.com
2026-06-08 03:37:28 [[32minfo[39m]: POST /api/v1/auth/login
2026-06-08 03:37:29 [[32minfo[39m]: Login: rdlmxwa@gmail.com
2026-06-08 03:51:46 [[32minfo[39m]: 🚀 Koro Funding API running on http://localhost:4000
2026-06-08 03:51:46 [[32minfo[39m]: 📊 Health check: http://localhost:4000/health
2026-06-08 03:51:46 [[32minfo[39m]: 🔌 Socket.io enabled
2026-06-08 03:51:46 [[32minfo[39m]: 🌍 CORS: http://localhost:3000
2026-06-08 03:51:54 [[32minfo[39m]: GET /health
2026-06-08 03:51:54 [[32minfo[39m]: GET /favicon.ico
2026-06-08 03:52:43 [[32minfo[39m]: GET /health
2026-06-08 03:57:01 [[32minfo[39m]: POST /api/v1/orders
2026-06-08 03:57:30 [[32minfo[39m]: GET /api/v1/dashboard/overview
2026-06-08 03:57:30 [[32minfo[39m]: GET /api/v1/dashboard/overview
2026-06-08 03:57:30 [[32minfo[39m]: GET /api/v1/dashboard/accounts/b56362f2-d843-4be7-b968-c9759eda341b/metrics
2026-06-08 03:57:30 [[32minfo[39m]: GET /api/v1/dashboard/accounts/b56362f2-d843-4be7-b968-c9759eda341b/metrics
2026-06-08 03:57:37 [[32minfo[39m]: POST /api/v1/auth/login
2026-06-08 03:57:38 [[32minfo[39m]: Login: ajayrafii5@gmail.com
2026-06-08 03:57:38 [[32minfo[39m]: GET /api/v1/dashboard/overview
2026-06-08 03:57:38 [[32minfo[39m]: GET /api/v1/dashboard/overview
2026-06-08 03:58:06 [[32minfo[39m]: POST /api/v1/orders
2026-06-08 03:58:12 [[32minfo[39m]: GET /api/v1/dashboard/overview
2026-06-08 03:58:12 [[32minfo[39m]: GET /api/v1/dashboard/overview
2026-06-08 03:58:12 [[32minfo[39m]: GET /api/v1/dashboard/accounts/384978e4-078d-48d4-88b2-3c48a6eb3f36/metrics
2026-06-08 03:58:12 [[32minfo[39m]: GET /api/v1/dashboard/accounts/384978e4-078d-48d4-88b2-3c48a6eb3f36/metrics
2026-06-08 04:05:05 [[32minfo[39m]: POST /api/v1/orders
2026-06-08 04:05:39 [[32minfo[39m]: GET /api/v1/dashboard/overview
2026-06-08 04:05:39 [[32minfo[39m]: GET /api/v1/dashboard/overview
2026-06-08 04:05:56 [[32minfo[39m]: POST /api/v1/auth/register
2026-06-08 04:05:57 [[32minfo[39m]: New trader registered: ajayrafii5@gmail.com
2026-06-08 04:06:16 [[32minfo[39m]: POST /api/v1/orders
2026-06-08 04:07:31 [[32minfo[39m]: GET /api/v1/dashboard/overview
2026-06-08 04:07:31 [[32minfo[39m]: GET /api/v1/dashboard/overview
2026-06-08 04:07:31 [[32minfo[39m]: GET /api/v1/dashboard/accounts/27cbf05a-ee75-4c73-8b4d-529c5605664d/metrics
2026-06-08 04:07:31 [[32minfo[39m]: GET /api/v1/dashboard/accounts/27cbf05a-ee75-4c73-8b4d-529c5605664d/metrics
2026-06-08 04:08:30 [[32minfo[39m]: GET /api/v1/dashboard/overview
2026-06-08 04:08:30 [[32minfo[39m]: GET /api/v1/dashboard/overview
2026-06-08 04:08:30 [[32minfo[39m]: GET /api/v1/dashboard/accounts/27cbf05a-ee75-4c73-8b4d-529c5605664d/metrics
2026-06-08 04:08:30 [[32minfo[39m]: GET /api/v1/dashboard/accounts/27cbf05a-ee75-4c73-8b4d-529c5605664d/metrics
2026-06-08 04:09:04 [[32minfo[39m]: GET /api/v1/dashboard/overview
2026-06-08 04:10:06 [[32minfo[39m]: 🚀 Koro Funding API running on http://localhost:4000
2026-06-08 04:10:06 [[32minfo[39m]: 📊 Health check: http://localhost:4000/health
2026-06-08 04:10:06 [[32minfo[39m]: 🔌 Socket.io enabled
2026-06-08 04:10:06 [[32minfo[39m]: 🌍 CORS: http://localhost:3000
2026-06-08 04:10:35 [[32minfo[39m]: GET /api/v1/dashboard/overview
2026-06-08 04:10:35 [[32minfo[39m]: GET /api/v1/dashboard/overview
2026-06-08 04:10:35 [[32minfo[39m]: GET /api/v1/dashboard/accounts/27cbf05a-ee75-4c73-8b4d-529c5605664d/metrics
2026-06-08 04:10:35 [[32minfo[39m]: GET /api/v1/dashboard/accounts/27cbf05a-ee75-4c73-8b4d-529c5605664d/metrics
2026-06-08 04:11:24 [[32minfo[39m]: POST /api/v1/auth/register
2026-06-08 04:11:25 [[32minfo[39m]: New trader registered: rdlmxwa@gmail.com
2026-06-08 04:11:52 [[32minfo[39m]: POST /api/v1/orders
2026-06-08 04:11:57 [[32minfo[39m]: GET /api/v1/dashboard/overview
2026-06-08 04:11:57 [[32minfo[39m]: GET /api/v1/dashboard/overview
2026-06-08 04:11:57 [[32minfo[39m]: GET /api/v1/dashboard/accounts/52502831-6799-4975-9720-e9e880d3aee1/metrics
2026-06-08 04:11:57 [[32minfo[39m]: GET /api/v1/dashboard/accounts/52502831-6799-4975-9720-e9e880d3aee1/metrics
2026-06-08 04:19:41 [[32minfo[39m]: 🚀 Koro Funding API running on http://localhost:4000
2026-06-08 04:19:41 [[32minfo[39m]: 📊 Health check: http://localhost:4000/health
2026-06-08 04:19:41 [[32minfo[39m]: 🔌 Socket.io enabled
2026-06-08 04:19:41 [[32minfo[39m]: 🌍 CORS: http://localhost:3000
2026-06-08 04:20:09 [[32minfo[39m]: 🚀 Koro Funding API running on http://localhost:4000
2026-06-08 04:20:09 [[32minfo[39m]: 📊 Health check: http://localhost:4000/health
2026-06-08 04:20:09 [[32minfo[39m]: 🔌 Socket.io enabled
2026-06-08 04:20:09 [[32minfo[39m]: 🌍 CORS: http://localhost:3000
2026-06-08 04:20:25 [[32minfo[39m]: POST /api/v1/auth/forgot-password
2026-06-08 04:21:02 [[32minfo[39m]: POST /api/v1/auth/forgot-password
2026-06-08 04:21:05 [[32minfo[39m]: Password reset email sent: ajayrafii5@gmail.com
2026-06-08 04:21:48 [[32minfo[39m]: POST /api/v1/auth/reset-password
2026-06-08 04:21:49 [[32minfo[39m]: Password reset success: traderId=7b403a40-e251-4b76-b6f1-2c1e87b5cec2
2026-06-08 04:21:55 [[32minfo[39m]: POST /api/v1/auth/login
2026-06-08 04:22:00 [[32minfo[39m]: POST /api/v1/auth/login
2026-06-08 04:22:01 [[32minfo[39m]: Login: ajayrafii5@gmail.com
2026-06-08 04:22:01 [[32minfo[39m]: GET /api/v1/dashboard/overview
2026-06-08 04:22:01 [[32minfo[39m]: GET /api/v1/dashboard/overview
2026-06-08 04:22:01 [[32minfo[39m]: GET /api/v1/dashboard/accounts/27cbf05a-ee75-4c73-8b4d-529c5605664d/metrics
2026-06-08 04:22:01 [[32minfo[39m]: GET /api/v1/dashboard/accounts/27cbf05a-ee75-4c73-8b4d-529c5605664d/metrics
2026-06-08 04:24:29 [[32minfo[39m]: 🚀 Koro Funding API running on http://localhost:4000
2026-06-08 04:24:29 [[32minfo[39m]: 📊 Health check: http://localhost:4000/health
2026-06-08 04:24:29 [[32minfo[39m]: 🔌 Socket.io enabled
2026-06-08 04:24:29 [[32minfo[39m]: 🌍 CORS: http://localhost:3000
2026-06-08 04:24:52 [[32minfo[39m]: 🚀 Koro Funding API running on http://localhost:4000
2026-06-08 04:24:52 [[32minfo[39m]: 📊 Health check: http://localhost:4000/health
2026-06-08 04:24:52 [[32minfo[39m]: 🔌 Socket.io enabled
2026-06-08 04:24:52 [[32minfo[39m]: 🌍 CORS: http://localhost:3000
2026-06-08 04:25:16 [[32minfo[39m]: 🚀 Koro Funding API running on http://localhost:4000
2026-06-08 04:25:16 [[32minfo[39m]: 📊 Health check: http://localhost:4000/health
2026-06-08 04:25:16 [[32minfo[39m]: 🔌 Socket.io enabled
2026-06-08 04:25:16 [[32minfo[39m]: 🌍 CORS: http://localhost:3000
2026-06-08 04:25:42 [[32minfo[39m]: GET /api/v1/dashboard/overview
2026-06-08 04:25:42 [[32minfo[39m]: GET /api/v1/dashboard/overview
2026-06-08 04:25:42 [[32minfo[39m]: GET /api/v1/dashboard/accounts/27cbf05a-ee75-4c73-8b4d-529c5605664d/metrics
2026-06-08 04:25:42 [[32minfo[39m]: GET /api/v1/dashboard/accounts/27cbf05a-ee75-4c73-8b4d-529c5605664d/metrics
2026-06-08 04:26:01 [[32minfo[39m]: POST /api/v1/auth/login
2026-06-08 04:26:03 [[32minfo[39m]: POST /api/v1/auth/login
2026-06-08 04:26:04 [[32minfo[39m]: POST /api/v1/auth/login
2026-06-08 04:26:05 [[32minfo[39m]: POST /api/v1/auth/login
2026-06-08 04:26:06 [[32minfo[39m]: POST /api/v1/auth/login
2026-06-08 04:26:07 [[32minfo[39m]: POST /api/v1/auth/login
2026-06-08 05:05:35 [[32minfo[39m]: 🚀 Koro Funding API running on http://localhost:4000
2026-06-08 05:05:35 [[32minfo[39m]: 📊 Health check: http://localhost:4000/health
2026-06-08 05:05:35 [[32minfo[39m]: 🔌 Socket.io enabled
2026-06-08 05:05:35 [[32minfo[39m]: 🌍 CORS: http://localhost:3000
2026-06-08 05:06:52 [[32minfo[39m]: POST /api/v1/auth/login
2026-06-08 05:06:58 [[32minfo[39m]: POST /api/v1/auth/login
2026-06-08 05:06:58 [[32minfo[39m]: Login: ajayrafii5@gmail.com
2026-06-08 05:06:59 [[32minfo[39m]: GET /api/v1/dashboard/overview
2026-06-08 05:06:59 [[32minfo[39m]: GET /api/v1/dashboard/overview
2026-06-08 05:07:00 [[32minfo[39m]: GET /api/v1/dashboard/accounts/27cbf05a-ee75-4c73-8b4d-529c5605664d/metrics
2026-06-08 05:07:00 [[32minfo[39m]: GET /api/v1/dashboard/accounts/27cbf05a-ee75-4c73-8b4d-529c5605664d/metrics
2026-06-08 05:08:01 [[32minfo[39m]: POST /api/v1/auth/login
2026-06-08 05:08:02 [[32minfo[39m]: Login: ajayrafii5@gmail.com
2026-06-08 05:08:02 [[32minfo[39m]: GET /api/v1/dashboard/overview
2026-06-08 05:08:02 [[32minfo[39m]: GET /api/v1/dashboard/overview
2026-06-08 05:08:02 [[32minfo[39m]: GET /api/v1/dashboard/accounts/27cbf05a-ee75-4c73-8b4d-529c5605664d/metrics
2026-06-08 05:08:02 [[32minfo[39m]: GET /api/v1/dashboard/accounts/27cbf05a-ee75-4c73-8b4d-529c5605664d/metrics
2026-06-08 05:08:33 [[32minfo[39m]: GET /api/v1/admin/overview
2026-06-08 05:08:33 [[32minfo[39m]: GET /api/v1/admin/overview
2026-06-08 05:08:34 [[32minfo[39m]: GET /api/v1/admin/orders
2026-06-08 05:08:34 [[32minfo[39m]: GET /api/v1/admin/orders
2026-06-08 05:08:48 [[32minfo[39m]: GET /api/v1/admin/orders
2026-06-08 05:08:51 [[32minfo[39m]: GET /api/v1/admin/orders
2026-06-08 05:08:51 [[32minfo[39m]: GET /api/v1/admin/orders
2026-06-08 05:08:52 [[32minfo[39m]: GET /api/v1/admin/orders
2026-06-08 05:08:53 [[32minfo[39m]: GET /api/v1/admin/traders
2026-06-08 05:08:53 [[32minfo[39m]: GET /api/v1/admin/traders
2026-06-08 05:10:03 [[32minfo[39m]: GET /api/v1/admin/overview
2026-06-08 05:10:03 [[32minfo[39m]: GET /api/v1/admin/overview
2026-06-08 05:10:04 [[32minfo[39m]: GET /api/v1/admin/orders
2026-06-08 05:10:04 [[32minfo[39m]: GET /api/v1/admin/orders
2026-06-08 05:10:05 [[32minfo[39m]: GET /api/v1/admin/overview
2026-06-08 05:10:05 [[32minfo[39m]: GET /api/v1/admin/overview
2026-06-08 05:10:05 [[32minfo[39m]: GET /api/v1/admin/orders
2026-06-08 05:10:05 [[32minfo[39m]: GET /api/v1/admin/orders
2026-06-08 05:10:07 [[32minfo[39m]: GET /api/v1/admin/overview
2026-06-08 05:10:07 [[32minfo[39m]: GET /api/v1/admin/overview
2026-06-08 05:10:51 [[32minfo[39m]: GET /api/v1/admin/orders
2026-06-08 05:10:51 [[32minfo[39m]: GET /api/v1/admin/orders
2026-06-08 05:10:52 [[32minfo[39m]: GET /api/v1/admin/traders
2026-06-08 05:10:52 [[32minfo[39m]: GET /api/v1/admin/traders
2026-06-08 05:11:27 [[32minfo[39m]: GET /api/v1/admin/overview
2026-06-08 05:11:27 [[32minfo[39m]: GET /api/v1/admin/overview
2026-06-08 05:12:12 [[32minfo[39m]: GET /api/v1/admin/overview
2026-06-08 05:12:12 [[32minfo[39m]: GET /api/v1/admin/overview
2026-06-08 05:12:43 [[32minfo[39m]: GET /api/v1/admin/overview
2026-06-08 05:14:46 [[32minfo[39m]: GET /api/v1/admin/overview
2026-06-08 05:15:27 [[32minfo[39m]: GET /api/v1/admin/traders
2026-06-08 05:15:27 [[32minfo[39m]: GET /api/v1/admin/traders
2026-06-08 05:15:52 [[32minfo[39m]: GET /api/v1/admin/orders
2026-06-08 05:15:52 [[32minfo[39m]: GET /api/v1/admin/orders
2026-06-08 05:16:05 [[32minfo[39m]: GET /api/v1/admin/traders
2026-06-08 05:16:05 [[32minfo[39m]: GET /api/v1/admin/traders
2026-06-08 05:16:06 [[32minfo[39m]: GET /api/v1/admin/orders
2026-06-08 05:16:06 [[32minfo[39m]: GET /api/v1/admin/orders
2026-06-08 05:16:07 [[32minfo[39m]: GET /api/v1/admin/overview
2026-06-08 05:16:07 [[32minfo[39m]: GET /api/v1/admin/overview
2026-06-08 05:16:43 [[32minfo[39m]: GET /api/v1/admin/orders
2026-06-08 05:16:43 [[32minfo[39m]: GET /api/v1/admin/orders
2026-06-08 05:17:51 [[32minfo[39m]: GET /api/v1/admin/traders
2026-06-08 05:17:51 [[32minfo[39m]: GET /api/v1/admin/traders
2026-06-08 05:17:51 [[32minfo[39m]: GET /api/v1/admin/overview
2026-06-08 05:17:51 [[32minfo[39m]: GET /api/v1/admin/overview
2026-06-08 05:18:54 [[32minfo[39m]: GET /api/v1/admin/traders
2026-06-08 05:18:54 [[32minfo[39m]: GET /api/v1/admin/traders
2026-06-08 05:19:27 [[32minfo[39m]: 🚀 Koro Funding API running on http://localhost:4000
2026-06-08 05:19:27 [[32minfo[39m]: 📊 Health check: http://localhost:4000/health
2026-06-08 05:19:27 [[32minfo[39m]: 🔌 Socket.io enabled
2026-06-08 05:19:27 [[32minfo[39m]: 🌍 CORS: http://localhost:3000
2026-06-08 05:19:39 [[32minfo[39m]: GET /api/v1/admin/traders
2026-06-08 05:19:39 [[32minfo[39m]: GET /api/v1/admin/traders
2026-06-08 05:20:17 [[32minfo[39m]: GET /api/v1/admin/traders
2026-06-08 05:20:17 [[32minfo[39m]: GET /api/v1/admin/traders
2026-06-08 05:20:50 [[32minfo[39m]: GET /api/v1/admin/traders
2026-06-08 05:20:50 [[32minfo[39m]: GET /api/v1/admin/traders
2026-06-08 05:21:00 [[32minfo[39m]: GET /api/v1/admin/traders
2026-06-08 05:21:00 [[32minfo[39m]: GET /api/v1/admin/traders
2026-06-08 05:21:01 [[32minfo[39m]: GET /api/v1/admin/traders
2026-06-08 05:21:01 [[32minfo[39m]: GET /api/v1/admin/traders
2026-06-08 05:22:22 [[32minfo[39m]: 🚀 Koro Funding API running on http://localhost:4000
2026-06-08 05:22:22 [[32minfo[39m]: 📊 Health check: http://localhost:4000/health
2026-06-08 05:22:22 [[32minfo[39m]: 🔌 Socket.io enabled
2026-06-08 05:22:22 [[32minfo[39m]: 🌍 CORS: http://localhost:3000
2026-06-08 05:22:26 [[32minfo[39m]: GET /api/v1/admin/traders
2026-06-08 05:22:26 [[32minfo[39m]: GET /api/v1/admin/traders
2026-06-08 05:22:57 [[32minfo[39m]: GET /api/v1/admin/traders
2026-06-08 05:23:47 [[32minfo[39m]: GET /api/v1/admin/traders
2026-06-08 05:23:47 [[32minfo[39m]: GET /api/v1/admin/traders
2026-06-08 05:23:53 [[32minfo[39m]: GET /api/v1/admin/traders
2026-06-08 05:23:53 [[32minfo[39m]: GET /api/v1/admin/traders
2026-06-08 05:23:54 [[32minfo[39m]: GET /api/v1/admin/orders
2026-06-08 05:23:54 [[32minfo[39m]: GET /api/v1/admin/orders
2026-06-08 05:23:57 [[32minfo[39m]: GET /api/v1/admin/traders
2026-06-08 05:23:57 [[32minfo[39m]: GET /api/v1/admin/traders
2026-06-08 05:24:20 [[32minfo[39m]: GET /api/v1/admin/traders
2026-06-08 05:24:20 [[32minfo[39m]: GET /api/v1/admin/traders
2026-06-08 05:24:44 [[32minfo[39m]: GET /api/v1/admin/traders
2026-06-08 05:25:36 [[32minfo[39m]: GET /api/v1/admin/traders
2026-06-08 05:25:36 [[32minfo[39m]: GET /api/v1/admin/traders
2026-06-08 05:25:38 [[32minfo[39m]: GET /api/v1/admin/traders
2026-06-08 05:25:38 [[32minfo[39m]: GET /api/v1/admin/traders
2026-06-08 05:27:16 [[32minfo[39m]: POST /api/v1/auth/login
2026-06-08 05:27:17 [[32minfo[39m]: Login: ajayrafii5@gmail.com
2026-06-08 05:27:18 [[32minfo[39m]: GET /api/v1/dashboard/overview
2026-06-08 05:27:18 [[32minfo[39m]: GET /api/v1/dashboard/overview
2026-06-08 05:27:18 [[32minfo[39m]: GET /api/v1/dashboard/accounts/27cbf05a-ee75-4c73-8b4d-529c5605664d/metrics
2026-06-08 05:27:18 [[32minfo[39m]: GET /api/v1/dashboard/accounts/27cbf05a-ee75-4c73-8b4d-529c5605664d/metrics
2026-06-08 05:27:38 [[32minfo[39m]: GET /api/v1/admin/overview
2026-06-08 05:27:38 [[32minfo[39m]: GET /api/v1/admin/overview
2026-06-08 05:27:40 [[32minfo[39m]: GET /api/v1/admin/traders
2026-06-08 05:27:40 [[32minfo[39m]: GET /api/v1/admin/traders
2026-06-08 05:28:26 [[32minfo[39m]: GET /api/v1/admin/overview
2026-06-08 05:28:26 [[32minfo[39m]: GET /api/v1/admin/overview
2026-06-08 06:05:41 [[32minfo[39m]: 🚀 Koro Funding API running on http://localhost:4000
2026-06-08 06:05:41 [[32minfo[39m]: 📊 Health check: http://localhost:4000/health
2026-06-08 06:05:41 [[32minfo[39m]: 🔌 Socket.io enabled
2026-06-08 06:05:41 [[32minfo[39m]: 🌍 CORS: http://localhost:3000
2026-06-08 06:07:24 [[32minfo[39m]: POST /api/v1/orders
2026-06-08 06:22:38 [[32minfo[39m]: GET /health
2026-06-08 06:25:07 [[32minfo[39m]: 🚀 Koro Funding API running on http://localhost:4000
2026-06-08 06:25:07 [[32minfo[39m]: 📊 Health check: http://localhost:4000/health
2026-06-08 06:25:07 [[32minfo[39m]: 🔌 Socket.io enabled
2026-06-08 06:25:07 [[32minfo[39m]: 🌍 CORS: http://localhost:3000
2026-06-08 06:25:59 [[32minfo[39m]: GET /api/v1/dashboard/overview
2026-06-08 06:25:59 [[32minfo[39m]: GET /api/v1/dashboard/overview
2026-06-08 06:25:59 [[32minfo[39m]: GET /api/v1/dashboard/accounts/27cbf05a-ee75-4c73-8b4d-529c5605664d/metrics
2026-06-08 06:25:59 [[32minfo[39m]: GET /api/v1/dashboard/accounts/27cbf05a-ee75-4c73-8b4d-529c5605664d/metrics
2026-06-08 06:26:15 [[32minfo[39m]: POST /api/v1/auth/login
2026-06-08 06:26:35 [[32minfo[39m]: POST /api/v1/auth/register
2026-06-08 06:26:35 [[32minfo[39m]: New trader registered: rdlmxwa933@gmail.com
2026-06-08 06:27:00 [[32minfo[39m]: POST /api/v1/orders
2026-06-08 06:28:13 [[32minfo[39m]: POST /api/v1/orders
2026-06-08 06:28:41 [[32minfo[39m]: POST /api/webhooks/stripe
2026-06-08 06:28:41 [[32minfo[39m]: POST /api/webhooks/stripe
2026-06-08 06:28:41 [[32minfo[39m]: POST /api/webhooks/stripe
2026-06-08 06:28:41 [[32minfo[39m]: POST /api/webhooks/stripe
2026-06-08 06:28:41 [[32minfo[39m]: [EMAIL MOCK] To: rdlmxwa933@gmail.com | Template: credentials | Subject: 🎯 Akun Challenge Anda Siap – Koro Funding
2026-06-08 06:28:41 [[32minfo[39m]: [EMAIL MOCK] Data: {"name":"ajay","challengeType":"CHALLENGE_2STEP","accountSize":"$10,000","orderId":"D2931F3A"}
2026-06-08 06:28:44 [[32minfo[39m]: POST /api/webhooks/stripe
2026-06-08 06:31:37 [[32minfo[39m]: 🚀 Koro Funding API running on http://localhost:4000
2026-06-08 06:31:37 [[32minfo[39m]: 📊 Health check: http://localhost:4000/health
2026-06-08 06:31:37 [[32minfo[39m]: 🔌 Socket.io enabled
2026-06-08 06:31:37 [[32minfo[39m]: 🌍 CORS: http://localhost:3000
2026-06-08 06:32:04 [[32minfo[39m]: 🚀 Koro Funding API running on http://localhost:4000
2026-06-08 06:32:04 [[32minfo[39m]: 📊 Health check: http://localhost:4000/health
2026-06-08 06:32:04 [[32minfo[39m]: 🔌 Socket.io enabled
2026-06-08 06:32:04 [[32minfo[39m]: 🌍 CORS: http://localhost:3000
2026-06-08 06:32:40 [[32minfo[39m]: 🚀 Koro Funding API running on http://localhost:4000
2026-06-08 06:32:40 [[32minfo[39m]: 📊 Health check: http://localhost:4000/health
2026-06-08 06:32:40 [[32minfo[39m]: 🔌 Socket.io enabled
2026-06-08 06:32:40 [[32minfo[39m]: 🌍 CORS: http://localhost:3000
2026-06-08 06:32:56 [[32minfo[39m]: 🚀 Koro Funding API running on http://localhost:4000
2026-06-08 06:32:56 [[32minfo[39m]: 📊 Health check: http://localhost:4000/health
2026-06-08 06:32:56 [[32minfo[39m]: 🔌 Socket.io enabled
2026-06-08 06:32:56 [[32minfo[39m]: 🌍 CORS: http://localhost:3000
2026-06-08 06:33:14 [[32minfo[39m]: GET /api/v1/dashboard/overview
2026-06-08 06:33:14 [[32minfo[39m]: GET /api/v1/dashboard/overview
2026-06-08 06:33:14 [[32minfo[39m]: GET /api/v1/dashboard/accounts/8662bcdb-0d1f-458b-9f97-a0c1f86441b1/metrics
2026-06-08 06:33:14 [[32minfo[39m]: GET /api/v1/dashboard/accounts/8662bcdb-0d1f-458b-9f97-a0c1f86441b1/metrics
2026-06-08 06:33:28 [[32minfo[39m]: POST /api/v1/auth/login
2026-06-08 06:33:28 [[32minfo[39m]: Login: rdlmxwa933@gmail.com
2026-06-08 06:33:28 [[32minfo[39m]: GET /api/v1/dashboard/overview
2026-06-08 06:33:28 [[32minfo[39m]: GET /api/v1/dashboard/overview
2026-06-08 06:33:28 [[32minfo[39m]: GET /api/v1/dashboard/accounts/8662bcdb-0d1f-458b-9f97-a0c1f86441b1/metrics
2026-06-08 06:33:28 [[32minfo[39m]: GET /api/v1/dashboard/accounts/8662bcdb-0d1f-458b-9f97-a0c1f86441b1/metrics
2026-06-08 06:33:54 [[32minfo[39m]: POST /api/v1/auth/register
2026-06-08 06:34:06 [[32minfo[39m]: POST /api/v1/auth/login
2026-06-08 06:34:06 [[32minfo[39m]: Login: rdlmxwa933@gmail.com
2026-06-08 06:34:06 [[32minfo[39m]: GET /api/v1/dashboard/overview
2026-06-08 06:34:06 [[32minfo[39m]: GET /api/v1/dashboard/overview
2026-06-08 06:34:06 [[32minfo[39m]: GET /api/v1/dashboard/accounts/8662bcdb-0d1f-458b-9f97-a0c1f86441b1/metrics
2026-06-08 06:34:06 [[32minfo[39m]: GET /api/v1/dashboard/accounts/8662bcdb-0d1f-458b-9f97-a0c1f86441b1/metrics
2026-06-08 06:34:36 [[32minfo[39m]: POST /api/v1/auth/register
2026-06-08 06:34:36 [[32minfo[39m]: New trader registered: maradivefek@gmail.com
2026-06-08 06:34:58 [[32minfo[39m]: POST /api/v1/orders
2026-06-08 06:35:04 [[32minfo[39m]: POST /api/webhooks/stripe
2026-06-08 06:35:04 [[32minfo[39m]: POST /api/webhooks/stripe
2026-06-08 06:35:05 [[32minfo[39m]: POST /api/webhooks/stripe
2026-06-08 06:35:05 [[32minfo[39m]: POST /api/webhooks/stripe
2026-06-08 06:35:07 [[32minfo[39m]: POST /api/webhooks/stripe
2026-06-08 06:36:12 [[32minfo[39m]: 🚀 Koro Funding API running on http://localhost:4000
2026-06-08 06:36:12 [[32minfo[39m]: 📊 Health check: http://localhost:4000/health
2026-06-08 06:36:12 [[32minfo[39m]: 🔌 Socket.io enabled
2026-06-08 06:36:12 [[32minfo[39m]: 🌍 CORS: http://localhost:3000
2026-06-08 06:38:19 [[32minfo[39m]: GET /api/v1/dashboard/overview
2026-06-08 06:38:19 [[32minfo[39m]: GET /api/v1/dashboard/overview
2026-06-08 06:38:19 [[32minfo[39m]: GET /api/v1/dashboard/accounts/c5f27a93-73b5-419d-a177-31befcc50b71/metrics
2026-06-08 06:38:19 [[32minfo[39m]: GET /api/v1/dashboard/accounts/c5f27a93-73b5-419d-a177-31befcc50b71/metrics
2026-06-08 06:38:42 [[32minfo[39m]: POST /api/v1/auth/forgot-password
2026-06-08 06:38:46 [[32minfo[39m]: Password reset email sent: rdlmxwa933@gmail.com
2026-06-08 06:40:04 [[32minfo[39m]: 🚀 Koro Funding API running on http://localhost:4000
2026-06-08 06:40:04 [[32minfo[39m]: 📊 Health check: http://localhost:4000/health
2026-06-08 06:40:04 [[32minfo[39m]: 🔌 Socket.io enabled
2026-06-08 06:40:04 [[32minfo[39m]: 🌍 CORS: http://localhost:3000
2026-06-08 06:40:40 [[32minfo[39m]: POST /api/v1/auth/register
2026-06-08 06:40:40 [[32minfo[39m]: New trader registered: ajayrafii6@gmail.com
2026-06-08 06:41:35 [[32minfo[39m]: POST /api/v1/auth/register
2026-06-08 06:43:10 [[32minfo[39m]: POST /api/v1/orders
2026-06-08 06:43:17 [[32minfo[39m]: POST /api/webhooks/stripe
2026-06-08 06:43:17 [[32minfo[39m]: POST /api/webhooks/stripe
2026-06-08 06:43:17 [[32minfo[39m]: POST /api/webhooks/stripe
2026-06-08 06:43:17 [[32minfo[39m]: POST /api/webhooks/stripe
2026-06-08 06:43:20 [[32minfo[39m]: Email sent: credentials → ajayrafii6@gmail.com
2026-06-08 06:43:20 [[32minfo[39m]: POST /api/webhooks/stripe
2026-06-08 06:52:36 [[32minfo[39m]: 🚀 Koro Funding API running on http://localhost:4000
2026-06-08 06:52:36 [[32minfo[39m]: 📊 Health check: http://localhost:4000/health
2026-06-08 06:52:36 [[32minfo[39m]: 🔌 Socket.io enabled
2026-06-08 06:52:36 [[32minfo[39m]: 🌍 CORS: http://localhost:3000
2026-06-08 06:53:13 [[32minfo[39m]: POST /api/v1/auth/register
2026-06-08 06:53:13 [[32minfo[39m]: New trader registered: ajayrafii5@gmail.com
2026-06-08 06:55:28 [[32minfo[39m]: POST /api/v1/auth/login
2026-06-08 06:55:36 [[32minfo[39m]: POST /api/v1/auth/login
2026-06-08 06:55:43 [[32minfo[39m]: POST /api/v1/auth/login
2026-06-08 06:55:57 [[32minfo[39m]: POST /api/v1/auth/forgot-password
2026-06-08 06:56:31 [[32minfo[39m]: 🚀 Koro Funding API running on http://localhost:4000
2026-06-08 06:56:31 [[32minfo[39m]: 📊 Health check: http://localhost:4000/health
2026-06-08 06:56:31 [[32minfo[39m]: 🔌 Socket.io enabled
2026-06-08 06:56:31 [[32minfo[39m]: 🌍 CORS: http://localhost:3000
2026-06-08 06:56:46 [[32minfo[39m]: POST /api/v1/auth/forgot-password
2026-06-08 06:56:46 [[32minfo[39m]: Password reset email sent: ajayrafii5@gmail.com
2026-06-08 06:57:33 [[32minfo[39m]: POST /api/v1/auth/forgot-password
2026-06-08 06:57:33 [[32minfo[39m]: Password reset email sent: ajayrafii5@gmail.com
2026-06-08 06:59:02 [[32minfo[39m]: POST /api/v1/auth/reset-password
2026-06-08 07:00:22 [[32minfo[39m]: POST /api/v1/auth/forgot-password
2026-06-08 07:00:22 [[32minfo[39m]: Password reset email sent: ajayrafii5@gmail.com
2026-06-08 07:00:50 [[32minfo[39m]: POST /api/v1/auth/reset-password
2026-06-08 07:00:51 [[32minfo[39m]: Password reset success: traderId=5b09ed9e-d656-4690-8ab1-efa644c5f5ce
2026-06-08 07:01:29 [[32minfo[39m]: POST /api/v1/auth/login
2026-06-08 07:01:30 [[32minfo[39m]: Login: ajayrafii5@gmail.com
2026-06-08 07:01:31 [[32minfo[39m]: GET /api/v1/dashboard/overview
2026-06-08 07:01:31 [[32minfo[39m]: GET /api/v1/dashboard/overview
2026-06-08 07:01:50 [[32minfo[39m]: POST /api/v1/auth/login
2026-06-08 07:01:51 [[32minfo[39m]: Login: ajayrafii5@gmail.com
2026-06-08 07:01:51 [[32minfo[39m]: GET /api/v1/dashboard/overview
2026-06-08 07:01:51 [[32minfo[39m]: GET /api/v1/dashboard/overview
2026-06-08 07:02:27 [[32minfo[39m]: GET /api/v1/admin/overview
2026-06-08 07:02:27 [[32minfo[39m]: GET /api/v1/admin/overview
2026-06-08 07:02:34 [[32minfo[39m]: GET /api/v1/admin/traders
2026-06-08 07:02:34 [[32minfo[39m]: GET /api/v1/admin/traders
2026-06-08 07:02:53 [[32minfo[39m]: GET /api/v1/admin/orders
2026-06-08 07:02:53 [[32minfo[39m]: GET /api/v1/admin/orders
2026-06-08 07:02:58 [[32minfo[39m]: GET /api/v1/admin/overview
2026-06-08 07:02:58 [[32minfo[39m]: GET /api/v1/admin/overview
2026-06-08 07:03:39 [[32minfo[39m]: GET /api/v1/dashboard/overview
2026-06-08 07:03:39 [[32minfo[39m]: GET /api/v1/dashboard/overview
2026-06-08 07:03:59 [[32minfo[39m]: POST /api/v1/auth/login
2026-06-08 07:04:28 [[32minfo[39m]: POST /api/v1/auth/register
2026-06-08 07:04:28 [[32minfo[39m]: New trader registered: rdlmxwa933@gmail.com
2026-06-08 07:06:59 [[32minfo[39m]: POST /api/v1/orders
2026-06-08 07:07:08 [[32minfo[39m]: POST /api/webhooks/stripe
2026-06-08 07:07:08 [[32minfo[39m]: POST /api/webhooks/stripe
2026-06-08 07:07:08 [[32minfo[39m]: POST /api/webhooks/stripe
2026-06-08 07:07:08 [[32minfo[39m]: POST /api/webhooks/stripe
2026-06-08 07:07:11 [[32minfo[39m]: POST /api/webhooks/stripe
2026-06-08 07:07:14 [[32minfo[39m]: GET /api/v1/dashboard/overview
2026-06-08 07:07:14 [[32minfo[39m]: GET /api/v1/dashboard/overview
2026-06-08 07:07:14 [[32minfo[39m]: GET /api/v1/dashboard/accounts/0eaf6307-f1d6-40bc-b4ed-fdea96921569/metrics
2026-06-08 07:07:14 [[32minfo[39m]: GET /api/v1/dashboard/accounts/0eaf6307-f1d6-40bc-b4ed-fdea96921569/metrics
2026-06-08 07:07:42 [[32minfo[39m]: GET /api/v1/admin/overview
2026-06-08 07:07:42 [[32minfo[39m]: GET /api/v1/admin/overview
2026-06-08 07:07:42 [[32minfo[39m]: GET /api/v1/dashboard/overview
2026-06-08 07:07:42 [[32minfo[39m]: GET /api/v1/dashboard/overview
2026-06-08 07:07:42 [[32minfo[39m]: GET /api/v1/dashboard/accounts/0eaf6307-f1d6-40bc-b4ed-fdea96921569/metrics
2026-06-08 07:07:42 [[32minfo[39m]: GET /api/v1/dashboard/accounts/0eaf6307-f1d6-40bc-b4ed-fdea96921569/metrics
2026-06-08 07:07:49 [[32minfo[39m]: GET /api/v1/admin/overview
2026-06-08 07:07:49 [[32minfo[39m]: GET /api/v1/admin/overview
2026-06-08 07:07:49 [[32minfo[39m]: GET /api/v1/dashboard/overview
2026-06-08 07:07:49 [[32minfo[39m]: GET /api/v1/dashboard/overview
2026-06-08 07:07:49 [[32minfo[39m]: GET /api/v1/dashboard/accounts/0eaf6307-f1d6-40bc-b4ed-fdea96921569/metrics
2026-06-08 07:07:49 [[32minfo[39m]: GET /api/v1/dashboard/accounts/0eaf6307-f1d6-40bc-b4ed-fdea96921569/metrics
2026-06-08 07:08:25 [[32minfo[39m]: POST /api/v1/auth/login
2026-06-08 07:08:25 [[32minfo[39m]: Login: ajayrafii5@gmail.com
2026-06-08 07:08:26 [[32minfo[39m]: GET /api/v1/dashboard/overview
2026-06-08 07:08:26 [[32minfo[39m]: GET /api/v1/dashboard/overview
2026-06-08 07:08:26 [[32minfo[39m]: Email sent: credentials → rdlmxwa933@gmail.com
2026-06-08 07:08:37 [[32minfo[39m]: POST /api/v1/auth/login
2026-06-08 07:08:38 [[32minfo[39m]: Login: ajayrafii5@gmail.com
2026-06-08 07:08:38 [[32minfo[39m]: GET /api/v1/dashboard/overview
2026-06-08 07:08:38 [[32minfo[39m]: GET /api/v1/dashboard/overview
2026-06-08 07:09:06 [[32minfo[39m]: GET /api/v1/admin/overview
2026-06-08 07:09:06 [[32minfo[39m]: GET /api/v1/admin/overview
2026-06-08 07:09:09 [[32minfo[39m]: GET /api/v1/admin/traders
2026-06-08 07:09:09 [[32minfo[39m]: GET /api/v1/admin/traders
2026-06-08 07:09:56 [[32minfo[39m]: PATCH /api/v1/admin/traders/348e8fec-5924-4a21-9035-2c75de02d05e/suspend
2026-06-08 07:09:56 [[32minfo[39m]: GET /api/v1/admin/traders
2026-06-08 07:10:02 [[32minfo[39m]: PATCH /api/v1/admin/traders/348e8fec-5924-4a21-9035-2c75de02d05e/unsuspend
2026-06-08 07:10:02 [[32minfo[39m]: GET /api/v1/admin/traders
2026-06-08 07:10:35 [[32minfo[39m]: GET /api/v1/dashboard/overview
2026-06-08 07:10:35 [[32minfo[39m]: GET /api/v1/dashboard/overview
2026-06-08 07:10:39 [[32minfo[39m]: GET /api/v1/dashboard/overview
2026-06-08 07:10:39 [[32minfo[39m]: GET /api/v1/dashboard/overview
2026-06-08 07:10:52 [[32minfo[39m]: POST /api/v1/auth/login
2026-06-08 07:11:23 [[32minfo[39m]: POST /api/v1/auth/login
2026-06-08 07:12:21 [[32minfo[39m]: 🚀 Koro Funding API running on http://localhost:4000
2026-06-08 07:12:21 [[32minfo[39m]: 📊 Health check: http://localhost:4000/health
2026-06-08 07:12:21 [[32minfo[39m]: 🔌 Socket.io enabled
2026-06-08 07:12:21 [[32minfo[39m]: 🌍 CORS: http://localhost:3000
2026-06-08 07:12:24 [[32minfo[39m]: POST /api/v1/auth/login
2026-06-08 07:12:24 [[32minfo[39m]: Login: ajayrafii5@gmail.com
2026-06-08 07:12:25 [[32minfo[39m]: GET /api/v1/dashboard/overview
2026-06-08 07:12:25 [[32minfo[39m]: GET /api/v1/dashboard/overview
2026-06-08 07:12:33 [[32minfo[39m]: POST /api/v1/auth/login
2026-06-08 07:12:34 [[32minfo[39m]: Login: rdlmxwa933@gmail.com
2026-06-08 07:12:34 [[32minfo[39m]: GET /api/v1/dashboard/overview
2026-06-08 07:12:34 [[32minfo[39m]: GET /api/v1/dashboard/overview
2026-06-08 07:12:34 [[32minfo[39m]: GET /api/v1/dashboard/accounts/0eaf6307-f1d6-40bc-b4ed-fdea96921569/metrics
2026-06-08 07:12:34 [[32minfo[39m]: GET /api/v1/dashboard/accounts/0eaf6307-f1d6-40bc-b4ed-fdea96921569/metrics
2026-06-08 07:12:55 [[32minfo[39m]: POST /api/v1/auth/login
2026-06-08 07:12:56 [[32minfo[39m]: Login: ajayrafii5@gmail.com
2026-06-08 07:12:56 [[32minfo[39m]: GET /api/v1/dashboard/overview
2026-06-08 07:12:56 [[32minfo[39m]: GET /api/v1/dashboard/overview
2026-06-08 07:13:06 [[32minfo[39m]: GET /api/v1/admin/overview
2026-06-08 07:13:06 [[32minfo[39m]: GET /api/v1/admin/overview
2026-06-08 07:13:11 [[32minfo[39m]: GET /api/v1/admin/traders
2026-06-08 07:13:11 [[32minfo[39m]: GET /api/v1/admin/traders
2026-06-08 07:13:19 [[32minfo[39m]: PATCH /api/v1/admin/traders/348e8fec-5924-4a21-9035-2c75de02d05e/suspend
2026-06-08 07:13:19 [[32minfo[39m]: GET /api/v1/admin/traders
2026-06-08 07:13:20 [[32minfo[39m]: PATCH /api/v1/admin/traders/348e8fec-5924-4a21-9035-2c75de02d05e/unsuspend
2026-06-08 07:13:20 [[32minfo[39m]: GET /api/v1/admin/traders
2026-06-08 07:13:20 [[32minfo[39m]: PATCH /api/v1/admin/traders/348e8fec-5924-4a21-9035-2c75de02d05e/suspend
2026-06-08 07:13:20 [[32minfo[39m]: GET /api/v1/admin/traders
2026-06-08 07:13:21 [[32minfo[39m]: PATCH /api/v1/admin/traders/348e8fec-5924-4a21-9035-2c75de02d05e/unsuspend
2026-06-08 07:13:21 [[32minfo[39m]: GET /api/v1/admin/traders
2026-06-08 07:13:26 [[32minfo[39m]: GET /api/v1/admin/orders
2026-06-08 07:13:26 [[32minfo[39m]: GET /api/v1/admin/orders
2026-06-08 07:13:27 [[32minfo[39m]: GET /api/v1/admin/overview
2026-06-08 07:13:27 [[32minfo[39m]: GET /api/v1/admin/overview
2026-06-08 07:13:41 [[32minfo[39m]: POST /api/v1/auth/login
2026-06-08 07:13:42 [[32minfo[39m]: Login: rdlmxwa933@gmail.com
2026-06-08 07:13:42 [[32minfo[39m]: GET /api/v1/dashboard/overview
2026-06-08 07:13:42 [[32minfo[39m]: GET /api/v1/dashboard/overview
2026-06-08 07:13:42 [[32minfo[39m]: GET /api/v1/dashboard/accounts/0eaf6307-f1d6-40bc-b4ed-fdea96921569/metrics
2026-06-08 07:13:42 [[32minfo[39m]: GET /api/v1/dashboard/accounts/0eaf6307-f1d6-40bc-b4ed-fdea96921569/metrics
2026-06-08 07:27:01 [[32minfo[39m]: 🚀 Koro Funding API running on http://localhost:4000
2026-06-08 07:27:01 [[32minfo[39m]: 📊 Health check: http://localhost:4000/health
2026-06-08 07:27:01 [[32minfo[39m]: 🔌 Socket.io enabled
2026-06-08 07:27:01 [[32minfo[39m]: 🌍 CORS: http://localhost:3000
2026-06-08 07:31:38 [[32minfo[39m]: POST /api/v1/auth/register
2026-06-08 07:31:38 [[32minfo[39m]: New trader registered: maradivefek@gmail.com
2026-06-08 07:32:08 [[32minfo[39m]: POST /api/v1/orders
2026-06-08 07:32:23 [[32minfo[39m]: GET /api/v1/dashboard/overview
2026-06-08 07:32:23 [[32minfo[39m]: GET /api/v1/dashboard/overview
2026-06-08 07:32:36 [[32minfo[39m]: GET /api/v1/dashboard/overview
2026-06-08 07:32:36 [[32minfo[39m]: GET /api/v1/dashboard/overview
2026-06-08 07:32:40 [[32minfo[39m]: GET /api/v1/dashboard/overview
2026-06-08 07:32:40 [[32minfo[39m]: GET /api/v1/dashboard/overview
2026-06-08 07:33:11 [[32minfo[39m]: POST /api/v1/orders
2026-06-08 07:33:24 [[32minfo[39m]: GET /api/v1/dashboard/overview
2026-06-08 07:33:24 [[32minfo[39m]: GET /api/v1/dashboard/overview
2026-06-08 07:33:28 [[32minfo[39m]: GET /api/v1/dashboard/overview
2026-06-08 07:33:28 [[32minfo[39m]: GET /api/v1/dashboard/overview
2026-06-08 07:34:29 [[32minfo[39m]: GET /health
2026-06-08 07:36:16 [[32minfo[39m]: GET /api/v1/dashboard/overview
2026-06-08 07:36:16 [[32minfo[39m]: GET /api/v1/dashboard/overview
2026-06-08 07:37:38 [[32minfo[39m]: GET /api/v1/dashboard/overview
2026-06-08 07:37:38 [[32minfo[39m]: GET /api/v1/dashboard/overview
2026-06-08 07:37:53 [[32minfo[39m]: POST /api/v1/orders
2026-06-08 07:37:59 [[32minfo[39m]: POST /api/v1/webhooks/stripe
2026-06-08 07:37:59 [[32minfo[39m]: POST /api/v1/webhooks/stripe
2026-06-08 07:37:59 [[32minfo[39m]: POST /api/v1/webhooks/stripe
2026-06-08 07:37:59 [[32minfo[39m]: POST /api/v1/webhooks/stripe
2026-06-08 07:38:02 [[32minfo[39m]: POST /api/v1/webhooks/stripe
2026-06-08 07:38:04 [[32minfo[39m]: GET /api/v1/dashboard/overview
2026-06-08 07:38:04 [[32minfo[39m]: GET /api/v1/dashboard/overview
2026-06-08 07:40:47 [[32minfo[39m]: POST /api/v1/orders
2026-06-08 07:40:53 [[32minfo[39m]: POST /api/webhooks/stripe
2026-06-08 07:40:53 [[32minfo[39m]: POST /api/webhooks/stripe
2026-06-08 07:40:53 [[32minfo[39m]: POST /api/webhooks/stripe
2026-06-08 07:40:53 [[32minfo[39m]: POST /api/webhooks/stripe
2026-06-08 07:40:56 [[32minfo[39m]: POST /api/webhooks/stripe
2026-06-08 07:40:56 [[32minfo[39m]: Email sent: credentials → maradivefek@gmail.com
2026-06-08 07:40:57 [[32minfo[39m]: GET /api/v1/dashboard/overview
2026-06-08 07:40:57 [[32minfo[39m]: GET /api/v1/dashboard/overview
2026-06-08 07:40:57 [[32minfo[39m]: GET /api/v1/dashboard/accounts/06f3717e-427b-4db4-af95-37bc760531c1/metrics
2026-06-08 07:40:57 [[32minfo[39m]: GET /api/v1/dashboard/accounts/06f3717e-427b-4db4-af95-37bc760531c1/metrics
2026-06-08 07:42:07 [[32minfo[39m]: GET /api/v1/admin/overview
2026-06-08 07:42:07 [[32minfo[39m]: GET /api/v1/admin/overview
2026-06-08 07:42:07 [[32minfo[39m]: GET /api/v1/dashboard/overview
2026-06-08 07:42:07 [[32minfo[39m]: GET /api/v1/dashboard/overview
2026-06-08 07:42:07 [[32minfo[39m]: GET /api/v1/dashboard/accounts/06f3717e-427b-4db4-af95-37bc760531c1/metrics
2026-06-08 07:42:07 [[32minfo[39m]: GET /api/v1/dashboard/accounts/06f3717e-427b-4db4-af95-37bc760531c1/metrics
2026-06-08 07:42:19 [[32minfo[39m]: POST /api/v1/auth/login
2026-06-08 07:42:20 [[32minfo[39m]: Login: ajayrafii5@gmail.com
2026-06-08 07:42:20 [[32minfo[39m]: GET /api/v1/dashboard/overview
2026-06-08 07:42:20 [[32minfo[39m]: GET /api/v1/dashboard/overview
2026-06-08 07:42:24 [[32minfo[39m]: GET /api/v1/admin/overview
2026-06-08 07:42:24 [[32minfo[39m]: GET /api/v1/admin/overview
2026-06-08 07:42:27 [[32minfo[39m]: GET /api/v1/admin/orders
2026-06-08 07:42:27 [[32minfo[39m]: GET /api/v1/admin/orders
2026-06-08 07:43:10 [[32minfo[39m]: PATCH /api/v1/admin/orders/0ca6709f-9ba5-4179-8924-4ccbc21a98a9/approve
2026-06-08 07:43:10 [[32minfo[39m]: GET /api/v1/admin/orders
2026-06-08 07:43:12 [[32minfo[39m]: PATCH /api/v1/admin/orders/92c53273-b496-4861-b20f-6f01158536ab/approve
2026-06-08 07:43:12 [[32minfo[39m]: GET /api/v1/admin/orders
2026-06-08 07:43:14 [[32minfo[39m]: PATCH /api/v1/admin/orders/dcd50ff2-b3a9-469b-b472-940cc1604df6/approve
2026-06-08 07:43:14 [[32minfo[39m]: GET /api/v1/admin/orders
2026-06-08 07:43:19 [[32minfo[39m]: GET /api/v1/admin/orders
2026-06-08 07:43:19 [[32minfo[39m]: GET /api/v1/admin/orders
2026-06-08 07:43:20 [[32minfo[39m]: GET /api/v1/admin/orders
2026-06-08 07:43:20 [[32minfo[39m]: GET /api/v1/admin/orders
2026-06-08 07:43:22 [[32minfo[39m]: GET /api/v1/admin/traders
2026-06-08 07:43:22 [[32minfo[39m]: GET /api/v1/admin/traders
2026-06-08 07:47:31 [[32minfo[39m]: 🚀 Koro Funding API running on http://localhost:4000
2026-06-08 07:47:31 [[32minfo[39m]: 📊 Health check: http://localhost:4000/health
2026-06-08 07:47:31 [[32minfo[39m]: 🔌 Socket.io enabled
2026-06-08 07:47:31 [[32minfo[39m]: 🌍 CORS: http://localhost:3000
2026-06-08 07:48:10 [[32minfo[39m]: GET /api/v1/admin/traders
2026-06-08 07:48:10 [[32minfo[39m]: GET /api/v1/admin/traders
2026-06-08 07:50:34 [[32minfo[39m]: GET /api/v1/dashboard/overview
2026-06-08 07:50:34 [[32minfo[39m]: GET /api/v1/dashboard/overview
2026-06-08 07:51:15 [[32minfo[39m]: 🚀 Koro Funding API running on http://localhost:4000
2026-06-08 07:51:15 [[32minfo[39m]: 📊 Health check: http://localhost:4000/health
2026-06-08 07:51:15 [[32minfo[39m]: 🔌 Socket.io enabled
2026-06-08 07:51:15 [[32minfo[39m]: 🌍 CORS: http://localhost:3000
2026-06-08 07:52:03 [[32minfo[39m]: POST /api/v1/orders
2026-06-08 07:52:09 [[32minfo[39m]: POST /api/webhooks/stripe
2026-06-08 07:52:09 [[32minfo[39m]: POST /api/webhooks/stripe
2026-06-08 07:52:09 [[32minfo[39m]: POST /api/webhooks/stripe
2026-06-08 07:52:09 [[32minfo[39m]: POST /api/webhooks/stripe
2026-06-08 07:52:12 [[32minfo[39m]: POST /api/webhooks/stripe
2026-06-08 07:52:15 [[32minfo[39m]: GET /api/v1/dashboard/overview
2026-06-08 07:52:15 [[32minfo[39m]: GET /api/v1/dashboard/overview
2026-06-08 07:52:15 [[32minfo[39m]: GET /api/v1/dashboard/accounts/3cce01e3-88e4-4072-ac9f-022ec39cedaf/metrics
2026-06-08 07:52:15 [[32minfo[39m]: GET /api/v1/dashboard/accounts/3cce01e3-88e4-4072-ac9f-022ec39cedaf/metrics
2026-06-08 07:52:36 [[32minfo[39m]: GET /api/v1/admin/traders
2026-06-08 07:52:36 [[32minfo[39m]: GET /api/v1/admin/traders
2026-06-08 07:52:41 [[32minfo[39m]: GET /api/v1/admin/traders
2026-06-08 07:52:41 [[32minfo[39m]: GET /api/v1/admin/traders
2026-06-08 07:53:26 [[32minfo[39m]: Email sent: credentials → ajayrafii5@gmail.com
2026-06-08 07:54:17 [[32minfo[39m]: GET /api/v1/dashboard/overview
2026-06-08 07:54:17 [[32minfo[39m]: GET /api/v1/dashboard/overview
2026-06-08 07:54:17 [[32minfo[39m]: GET /api/v1/dashboard/accounts/3cce01e3-88e4-4072-ac9f-022ec39cedaf/metrics
2026-06-08 07:54:17 [[32minfo[39m]: GET /api/v1/dashboard/accounts/3cce01e3-88e4-4072-ac9f-022ec39cedaf/metrics
2026-06-08 07:54:32 [[32minfo[39m]: GET /api/v1/admin/orders
2026-06-08 07:54:32 [[32minfo[39m]: GET /api/v1/admin/orders
2026-06-08 07:54:35 [[32minfo[39m]: GET /api/v1/admin/overview
2026-06-08 07:54:35 [[32minfo[39m]: GET /api/v1/admin/overview
2026-06-08 07:54:59 [[32minfo[39m]: GET /api/v1/admin/overview
2026-06-08 07:54:59 [[32minfo[39m]: GET /api/v1/admin/overview
2026-06-08 07:55:01 [[32minfo[39m]: GET /api/v1/admin/traders
2026-06-08 07:55:01 [[32minfo[39m]: GET /api/v1/admin/traders
2026-06-08 07:55:11 [[32minfo[39m]: DELETE /api/v1/admin/traders/42451151-b6b3-4199-b03a-9574a7789408
2026-06-08 07:55:11 [[32minfo[39m]: GET /api/v1/admin/traders
2026-06-08 07:55:24 [[32minfo[39m]: DELETE /api/v1/admin/traders/348e8fec-5924-4a21-9035-2c75de02d05e
2026-06-08 07:55:24 [[32minfo[39m]: GET /api/v1/admin/traders
2026-06-08 08:49:52 [[32minfo[39m]: 🚀 Koro Funding API running on http://localhost:4000
2026-06-08 08:49:52 [[32minfo[39m]: 📊 Health check: http://localhost:4000/health
2026-06-08 08:49:52 [[32minfo[39m]: 🔌 Socket.io enabled
2026-06-08 08:49:52 [[32minfo[39m]: 🌍 CORS: http://localhost:3000
2026-06-08 08:53:57 [[32minfo[39m]: 🚀 Koro Funding API running on http://localhost:4000
2026-06-08 08:53:57 [[32minfo[39m]: 📊 Health check: http://localhost:4000/health
2026-06-08 08:53:57 [[32minfo[39m]: 🔌 Socket.io enabled
2026-06-08 08:53:57 [[32minfo[39m]: 🌍 CORS: http://localhost:3000
2026-06-09 22:04:06 [[32minfo[39m]: 🚀 Koro Funding API running on http://localhost:4000
2026-06-09 22:04:06 [[32minfo[39m]: 📊 Health check: http://localhost:4000/health
2026-06-09 22:04:06 [[32minfo[39m]: 🔌 Socket.io enabled
2026-06-09 22:04:06 [[32minfo[39m]: 🌍 CORS: http://localhost:3000
2026-06-09 22:05:23 [[32minfo[39m]: POST /api/v1/orders
2026-06-09 22:05:34 [[32minfo[39m]: POST /api/v1/orders
2026-06-09 22:05:34 [[32minfo[39m]: POST /api/v1/orders
2026-06-09 22:05:35 [[32minfo[39m]: POST /api/v1/orders
2026-06-09 22:05:35 [[32minfo[39m]: POST /api/v1/orders
2026-06-09 22:05:49 [[32minfo[39m]: POST /api/v1/orders
2026-06-09 22:05:52 [[32minfo[39m]: POST /api/v1/orders
2026-06-09 22:05:52 [[32minfo[39m]: POST /api/v1/orders
2026-06-09 22:08:20 [[32minfo[39m]: POST /api/v1/auth/register
2026-06-09 22:08:20 [[31merror[39m]: 
Invalid `prisma.trader.findUnique()` invocation:


Can't reach database server at `localhost:5432`

Please make sure your database server is running at `localhost:5432`.
2026-06-09 22:08:59 [[32minfo[39m]: POST /api/v1/auth/register
2026-06-09 22:08:59 [[31merror[39m]: 
Invalid `prisma.trader.findUnique()` invocation:


Can't reach database server at `localhost:5432`

Please make sure your database server is running at `localhost:5432`.
2026-06-09 22:09:00 [[32minfo[39m]: POST /api/v1/auth/register
2026-06-09 22:09:00 [[31merror[39m]: 
Invalid `prisma.trader.findUnique()` invocation:


Can't reach database server at `localhost:5432`

Please make sure your database server is running at `localhost:5432`.
2026-06-09 22:09:00 [[32minfo[39m]: POST /api/v1/auth/register
2026-06-09 22:09:00 [[31merror[39m]: 
Invalid `prisma.trader.findUnique()` invocation:


Can't reach database server at `localhost:5432`

Please make sure your database server is running at `localhost:5432`.
2026-06-09 22:13:20 [[32minfo[39m]: POST /api/v1/auth/register
2026-06-09 22:13:20 [[32minfo[39m]: New trader registered: rdlmxwa933@gmail.com
2026-06-09 22:13:36 [[32minfo[39m]: POST /api/v1/orders
2026-06-09 22:13:55 [[32minfo[39m]: GET /api/v1/dashboard/overview
2026-06-09 22:13:55 [[32minfo[39m]: GET /api/v1/dashboard/overview
2026-06-09 22:14:07 [[32minfo[39m]: POST /api/v1/auth/login
2026-06-09 22:14:12 [[32minfo[39m]: POST /api/v1/auth/login
2026-06-09 22:14:13 [[32minfo[39m]: Login: rdlmxwa933@gmail.com
2026-06-09 22:14:13 [[32minfo[39m]: GET /api/v1/dashboard/overview
2026-06-09 22:14:13 [[32minfo[39m]: GET /api/v1/dashboard/overview
2026-06-09 22:14:51 [[32minfo[39m]: POST /api/v1/auth/login
2026-06-09 22:14:56 [[32minfo[39m]: POST /api/v1/auth/login
2026-06-09 22:14:56 [[32minfo[39m]: Login: rdlmxwa933@gmail.com
2026-06-09 22:14:56 [[32minfo[39m]: GET /api/v1/dashboard/overview
2026-06-09 22:14:56 [[32minfo[39m]: GET /api/v1/dashboard/overview
2026-06-09 22:15:00 [[32minfo[39m]: GET /api/v1/dashboard/overview
2026-06-09 22:15:00 [[32minfo[39m]: GET /api/v1/dashboard/overview
2026-06-09 22:18:17 [[32minfo[39m]: 🚀 Koro Funding API running on http://localhost:4000
2026-06-09 22:18:17 [[32minfo[39m]: 📊 Health check: http://localhost:4000/health
2026-06-09 22:18:17 [[32minfo[39m]: 🔌 Socket.io enabled
2026-06-09 22:18:17 [[32minfo[39m]: 🌍 CORS: http://localhost:3000
2026-06-09 22:18:25 [[32minfo[39m]: GET /api/v1/dashboard/overview
2026-06-09 22:18:25 [[32minfo[39m]: GET /api/v1/dashboard/overview
2026-06-09 22:18:36 [[32minfo[39m]: POST /api/v1/auth/login
2026-06-09 22:18:36 [[32minfo[39m]: Login: rdlmxwa933@gmail.com
2026-06-09 22:18:36 [[32minfo[39m]: GET /api/v1/dashboard/overview
2026-06-09 22:18:36 [[32minfo[39m]: GET /api/v1/dashboard/overview
2026-06-09 22:19:42 [[32minfo[39m]: GET /api/v1/dashboard/overview
2026-06-09 22:19:42 [[32minfo[39m]: GET /api/v1/dashboard/overview
2026-06-09 22:20:01 [[32minfo[39m]: POST /api/v1/orders
2026-06-09 22:20:11 [[32minfo[39m]: GET /api/v1/dashboard/overview
2026-06-09 22:20:11 [[32minfo[39m]: GET /api/v1/dashboard/overview
2026-06-09 22:21:37 [[32minfo[39m]: 🚀 Koro Funding API running on http://localhost:4000
2026-06-09 22:21:37 [[32minfo[39m]: 📊 Health check: http://localhost:4000/health
2026-06-09 22:21:37 [[32minfo[39m]: 🔌 Socket.io enabled
2026-06-09 22:21:37 [[32minfo[39m]: 🌍 CORS: http://localhost:3000
2026-06-09 22:21:52 [[32minfo[39m]: GET /api/v1/dashboard/overview
2026-06-09 22:21:52 [[32minfo[39m]: GET /api/v1/dashboard/overview
2026-06-09 22:23:25 [[32minfo[39m]: POST /api/webhooks/stripe
2026-06-09 22:23:27 [[32minfo[39m]: Email sent: credentials → rdlmxwa933@gmail.com
2026-06-09 22:24:33 [[32minfo[39m]: 🚀 Koro Funding API running on http://localhost:4000
2026-06-09 22:24:33 [[32minfo[39m]: 📊 Health check: http://localhost:4000/health
2026-06-09 22:24:33 [[32minfo[39m]: 🔌 Socket.io enabled
2026-06-09 22:24:33 [[32minfo[39m]: 🌍 CORS: http://localhost:3000
2026-06-09 22:25:28 [[32minfo[39m]: POST /api/webhooks/stripe
2026-06-09 22:25:49 [[32minfo[39m]: GET /api/v1/dashboard/overview
2026-06-09 22:25:49 [[32minfo[39m]: GET /api/v1/dashboard/overview
2026-06-09 22:25:49 [[32minfo[39m]: GET /api/v1/dashboard/accounts/240975c2-d3c2-480b-bda8-669e15956ead/metrics
2026-06-09 22:25:49 [[32minfo[39m]: GET /api/v1/dashboard/accounts/240975c2-d3c2-480b-bda8-669e15956ead/metrics
2026-06-09 22:47:53 [[32minfo[39m]: GET /api/v1/dashboard/overview
2026-06-09 22:47:53 [[32minfo[39m]: GET /api/v1/dashboard/overview
2026-06-09 22:47:53 [[32minfo[39m]: GET /api/v1/dashboard/accounts/240975c2-d3c2-480b-bda8-669e15956ead/metrics
2026-06-09 22:47:53 [[32minfo[39m]: GET /api/v1/dashboard/accounts/240975c2-d3c2-480b-bda8-669e15956ead/metrics
2026-06-09 22:48:18 [[32minfo[39m]: POST /api/v1/orders
2026-06-09 22:48:28 [[32minfo[39m]: POST /api/webhooks/stripe
2026-06-09 22:48:28 [[32minfo[39m]: POST /api/webhooks/stripe
2026-06-09 22:48:28 [[32minfo[39m]: POST /api/webhooks/stripe
2026-06-09 22:48:28 [[32minfo[39m]: POST /api/webhooks/stripe
2026-06-09 22:48:31 [[32minfo[39m]: POST /api/webhooks/stripe
2026-06-09 22:48:31 [[32minfo[39m]: Email sent: credentials → rdlmxwa933@gmail.com
2026-06-09 22:48:32 [[32minfo[39m]: GET /api/v1/dashboard/overview
2026-06-09 22:48:32 [[32minfo[39m]: GET /api/v1/dashboard/overview
2026-06-09 22:48:32 [[32minfo[39m]: GET /api/v1/dashboard/accounts/08ab277a-076d-4f79-ae5c-7e5d60afbb5f/metrics
2026-06-09 22:48:32 [[32minfo[39m]: GET /api/v1/dashboard/accounts/08ab277a-076d-4f79-ae5c-7e5d60afbb5f/metrics
2026-06-09 22:48:34 [[32minfo[39m]: GET /api/v1/dashboard/accounts/240975c2-d3c2-480b-bda8-669e15956ead/metrics
2026-06-09 22:48:36 [[32minfo[39m]: GET /api/v1/dashboard/accounts/08ab277a-076d-4f79-ae5c-7e5d60afbb5f/metrics
2026-06-09 22:48:40 [[32minfo[39m]: GET /api/v1/dashboard/accounts/240975c2-d3c2-480b-bda8-669e15956ead/metrics
2026-06-09 22:50:59 [[32minfo[39m]: 🚀 Koro Funding API running on http://localhost:4000
2026-06-09 22:50:59 [[32minfo[39m]: 📊 Health check: http://localhost:4000/health
2026-06-09 22:50:59 [[32minfo[39m]: 🔌 Socket.io enabled
2026-06-09 22:50:59 [[32minfo[39m]: 🌍 CORS: http://localhost:3000
2026-06-09 22:57:00 [[32minfo[39m]: 🚀 Koro Funding API running on http://localhost:4000
2026-06-09 22:57:00 [[32minfo[39m]: 📊 Health check: http://localhost:4000/health
2026-06-09 22:57:00 [[32minfo[39m]: 🔌 Socket.io enabled
2026-06-09 22:57:00 [[32minfo[39m]: 🌍 CORS: http://localhost:3000
2026-06-09 22:58:17 [[32minfo[39m]: GET /api/v1/dashboard/overview
2026-06-09 22:58:17 [[32minfo[39m]: GET /api/v1/dashboard/overview
2026-06-09 22:58:17 [[32minfo[39m]: GET /api/v1/dashboard/accounts/08ab277a-076d-4f79-ae5c-7e5d60afbb5f/metrics
2026-06-09 22:58:17 [[32minfo[39m]: GET /api/v1/dashboard/accounts/08ab277a-076d-4f79-ae5c-7e5d60afbb5f/metrics
2026-06-09 22:58:48 [[32minfo[39m]: 🚀 Koro Funding API running on http://localhost:4000
2026-06-09 22:58:48 [[32minfo[39m]: 📊 Health check: http://localhost:4000/health
2026-06-09 22:58:48 [[32minfo[39m]: 🔌 Socket.io enabled
2026-06-09 22:58:48 [[32minfo[39m]: 🌍 CORS: http://localhost:3000
2026-06-09 23:11:58 [[32minfo[39m]: GET /api/v1/dashboard/overview
2026-06-09 23:11:58 [[32minfo[39m]: GET /api/v1/dashboard/overview
2026-06-09 23:11:58 [[32minfo[39m]: GET /api/v1/dashboard/accounts/08ab277a-076d-4f79-ae5c-7e5d60afbb5f/metrics
2026-06-09 23:11:58 [[32minfo[39m]: GET /api/v1/dashboard/accounts/08ab277a-076d-4f79-ae5c-7e5d60afbb5f/metrics
2026-06-09 23:12:01 [[32minfo[39m]: GET /api/v1/dashboard/accounts/240975c2-d3c2-480b-bda8-669e15956ead/metrics
2026-06-09 23:12:03 [[32minfo[39m]: GET /api/v1/dashboard/accounts/08ab277a-076d-4f79-ae5c-7e5d60afbb5f/metrics
2026-06-09 23:12:05 [[32minfo[39m]: GET /api/v1/dashboard/accounts/240975c2-d3c2-480b-bda8-669e15956ead/metrics
2026-06-09 23:12:07 [[32minfo[39m]: GET /api/v1/dashboard/accounts/08ab277a-076d-4f79-ae5c-7e5d60afbb5f/metrics
2026-06-09 23:17:38 [[32minfo[39m]: 🚀 Koro Funding API running on http://localhost:4000
2026-06-09 23:17:38 [[32minfo[39m]: 📊 Health check: http://localhost:4000/health
2026-06-09 23:17:38 [[32minfo[39m]: 🔌 Socket.io enabled
2026-06-09 23:17:38 [[32minfo[39m]: 🌍 CORS: http://localhost:3000
2026-06-09 23:22:47 [[32minfo[39m]: 🚀 Koro Funding API running on http://localhost:4000
2026-06-09 23:22:47 [[32minfo[39m]: 📊 Health check: http://localhost:4000/health
2026-06-09 23:22:47 [[32minfo[39m]: 🔌 Socket.io enabled
2026-06-09 23:22:47 [[32minfo[39m]: 🌍 CORS: http://localhost:3000
2026-06-09 23:24:05 [[32minfo[39m]: GET /api/v1/admin/overview
2026-06-09 23:24:05 [[32minfo[39m]: GET /api/v1/admin/overview
2026-06-09 23:24:06 [[32minfo[39m]: GET /api/v1/dashboard/overview
2026-06-09 23:24:06 [[32minfo[39m]: GET /api/v1/dashboard/overview
2026-06-09 23:24:06 [[32minfo[39m]: GET /api/v1/dashboard/accounts/08ab277a-076d-4f79-ae5c-7e5d60afbb5f/metrics
2026-06-09 23:24:06 [[32minfo[39m]: GET /api/v1/dashboard/accounts/08ab277a-076d-4f79-ae5c-7e5d60afbb5f/metrics
2026-06-09 23:24:26 [[32minfo[39m]: POST /api/v1/auth/login
2026-06-09 23:24:32 [[32minfo[39m]: POST /api/v1/auth/login
2026-06-09 23:24:36 [[32minfo[39m]: POST /api/v1/auth/login
2026-06-09 23:24:40 [[32minfo[39m]: POST /api/v1/auth/login
2026-06-09 23:24:57 [[32minfo[39m]: POST /api/v1/auth/forgot-password
2026-06-09 23:29:18 [[32minfo[39m]: POST /api/v1/auth/login
2026-06-09 23:29:31 [[32minfo[39m]: POST /api/v1/auth/login
2026-06-09 23:31:19 [[32minfo[39m]: POST /api/v1/auth/login
2026-06-09 23:31:41 [[32minfo[39m]: POST /api/v1/auth/login
2026-06-09 23:31:43 [[32minfo[39m]: POST /api/v1/auth/login
2026-06-09 23:31:44 [[32minfo[39m]: POST /api/v1/auth/login
2026-06-09 23:31:45 [[32minfo[39m]: POST /api/v1/auth/login
2026-06-09 23:31:46 [[32minfo[39m]: POST /api/v1/auth/login
2026-06-09 23:31:46 [[32minfo[39m]: POST /api/v1/auth/login
2026-06-09 23:33:33 [[32minfo[39m]: POST /api/v1/auth/login
2026-06-09 23:34:16 [[32minfo[39m]: POST /api/v1/auth/login
2026-06-09 23:35:35 [[32minfo[39m]: POST /api/v1/auth/login
2026-06-09 23:35:36 [[32minfo[39m]: POST /api/v1/auth/login
2026-06-09 23:35:45 [[32minfo[39m]: POST /api/v1/auth/login
2026-06-09 23:36:02 [[32minfo[39m]: POST /api/v1/auth/login
2026-06-09 23:38:10 [[32minfo[39m]: 🚀 Koro Funding API running on http://localhost:4000
2026-06-09 23:38:10 [[32minfo[39m]: 📊 Health check: http://localhost:4000/health
2026-06-09 23:38:10 [[32minfo[39m]: 🔌 Socket.io enabled
2026-06-09 23:38:10 [[32minfo[39m]: 🌍 CORS: http://localhost:3000
2026-06-09 23:38:27 [[32minfo[39m]: POST /api/v1/auth/login
2026-06-09 23:38:28 [[32minfo[39m]: POST /api/v1/auth/login
2026-06-09 23:39:04 [[32minfo[39m]: POST /api/v1/auth/login
2026-06-09 23:39:05 [[32minfo[39m]: Login: admin@korofunding.com
2026-06-09 23:39:05 [[32minfo[39m]: GET /api/v1/dashboard/overview
2026-06-09 23:39:05 [[32minfo[39m]: GET /api/v1/dashboard/overview
2026-06-09 23:41:02 [[32minfo[39m]: POST /api/v1/auth/login
2026-06-09 23:41:02 [[32minfo[39m]: Login: admin@korofunding.com
2026-06-09 23:41:02 [[32minfo[39m]: GET /api/v1/dashboard/overview
2026-06-09 23:41:02 [[32minfo[39m]: GET /api/v1/dashboard/overview
2026-06-09 23:43:03 [[32minfo[39m]: GET /api/v1/dashboard/overview
2026-06-09 23:43:03 [[32minfo[39m]: GET /api/v1/dashboard/overview
2026-06-09 23:43:18 [[32minfo[39m]: POST /api/v1/auth/login
2026-06-09 23:43:18 [[32minfo[39m]: Login: admin@korofunding.com
2026-06-09 23:43:18 [[32minfo[39m]: GET /api/v1/dashboard/overview
2026-06-09 23:43:18 [[32minfo[39m]: GET /api/v1/dashboard/overview
2026-06-09 23:43:39 [[32minfo[39m]: GET /api/v1/admin/overview
2026-06-09 23:43:39 [[32minfo[39m]: GET /api/v1/admin/overview
2026-06-09 23:43:44 [[32minfo[39m]: GET /api/v1/admin/orders
2026-06-09 23:43:44 [[32minfo[39m]: GET /api/v1/admin/orders
2026-06-09 23:43:52 [[32minfo[39m]: PATCH /api/v1/admin/orders/68f51ac7-78e3-4cc0-b7e6-6694fa5adbe7/approve
2026-06-09 23:43:52 [[32minfo[39m]: GET /api/v1/admin/orders
2026-06-09 23:43:56 [[32minfo[39m]: GET /api/v1/admin/traders
2026-06-09 23:43:56 [[32minfo[39m]: GET /api/v1/admin/traders
2026-06-09 23:44:12 [[32minfo[39m]: DELETE /api/v1/admin/traders/8a9bc202-84a9-471e-a1a5-c24df241a578
2026-06-09 23:44:13 [[31merror[39m]: 
Invalid `prisma.tradingAccount.deleteMany()` invocation:


Foreign key constraint violated: `Trade_accountId_fkey (index)`
2026-06-09 23:44:13 [[32minfo[39m]: GET /api/v1/admin/traders
2026-06-09 23:44:16 [[32minfo[39m]: DELETE /api/v1/admin/traders/8a9bc202-84a9-471e-a1a5-c24df241a578
2026-06-09 23:44:16 [[31merror[39m]: 
Invalid `prisma.tradingAccount.deleteMany()` invocation:


Foreign key constraint violated: `Trade_accountId_fkey (index)`
2026-06-09 23:44:16 [[32minfo[39m]: GET /api/v1/admin/traders
2026-06-09 23:44:20 [[32minfo[39m]: DELETE /api/v1/admin/traders/d4399a49-c3d0-467c-81ba-8eff234fa141
2026-06-09 23:44:20 [[32minfo[39m]: GET /api/v1/admin/traders
2026-06-09 23:44:22 [[32minfo[39m]: PATCH /api/v1/admin/traders/8a9bc202-84a9-471e-a1a5-c24df241a578/suspend
2026-06-09 23:44:22 [[32minfo[39m]: GET /api/v1/admin/traders
2026-06-09 23:44:25 [[32minfo[39m]: DELETE /api/v1/admin/traders/8a9bc202-84a9-471e-a1a5-c24df241a578
2026-06-09 23:44:25 [[31merror[39m]: 
Invalid `prisma.tradingAccount.deleteMany()` invocation:


Foreign key constraint violated: `Trade_accountId_fkey (index)`
2026-06-09 23:44:25 [[32minfo[39m]: GET /api/v1/admin/traders
2026-06-09 23:44:32 [[32minfo[39m]: GET /api/v1/admin/orders
2026-06-09 23:44:32 [[32minfo[39m]: GET /api/v1/admin/orders
2026-06-09 23:44:37 [[32minfo[39m]: GET /api/v1/admin/orders
2026-06-09 23:44:38 [[32minfo[39m]: GET /api/v1/admin/orders
2026-06-09 23:44:38 [[32minfo[39m]: GET /api/v1/admin/orders
2026-06-09 23:44:50 [[32minfo[39m]: GET /api/v1/dashboard/overview
2026-06-09 23:44:50 [[32minfo[39m]: GET /api/v1/dashboard/overview
2026-06-09 23:55:25 [[32minfo[39m]: POST /api/v1/auth/login
2026-06-09 23:55:25 [[32minfo[39m]: Login: admin@korofunding.com
2026-06-09 23:55:26 [[32minfo[39m]: GET /api/v1/admin/overview
2026-06-09 23:57:20 [[32minfo[39m]: POST /api/v1/auth/login
2026-06-09 23:57:21 [[32minfo[39m]: Login: admin@korofunding.com
2026-06-09 23:57:21 [[32minfo[39m]: GET /api/v1/dashboard/overview
2026-06-09 23:57:21 [[32minfo[39m]: GET /api/v1/dashboard/overview
2026-06-09 23:57:29 [[32minfo[39m]: GET /api/v1/admin/overview
2026-06-09 23:57:29 [[32minfo[39m]: GET /api/v1/admin/overview
2026-06-09 23:57:31 [[32minfo[39m]: GET /api/v1/admin/orders
2026-06-09 23:57:31 [[32minfo[39m]: GET /api/v1/admin/orders
2026-06-09 23:57:32 [[32minfo[39m]: GET /api/v1/admin/traders
2026-06-09 23:57:32 [[32minfo[39m]: GET /api/v1/admin/traders
