2026-06-09 22:08:20 [[31merror[39m]: 
Invalid `prisma.trader.findUnique()` invocation:


Can't reach database server at `localhost:5432`

Please make sure your database server is running at `localhost:5432`.
2026-06-09 22:08:59 [[31merror[39m]: 
Invalid `prisma.trader.findUnique()` invocation:


Can't reach database server at `localhost:5432`

Please make sure your database server is running at `localhost:5432`.
2026-06-09 22:09:00 [[31merror[39m]: 
Invalid `prisma.trader.findUnique()` invocation:


Can't reach database server at `localhost:5432`

Please make sure your database server is running at `localhost:5432`.
2026-06-09 22:09:00 [[31merror[39m]: 
Invalid `prisma.trader.findUnique()` invocation:


Can't reach database server at `localhost:5432`

Please make sure your database server is running at `localhost:5432`.
2026-06-09 23:44:13 [[31merror[39m]: 
Invalid `prisma.tradingAccount.deleteMany()` invocation:


Foreign key constraint violated: `Trade_accountId_fkey (index)`
2026-06-09 23:44:16 [[31merror[39m]: 
Invalid `prisma.tradingAccount.deleteMany()` invocation:


Foreign key constraint violated: `Trade_accountId_fkey (index)`
2026-06-09 23:44:25 [[31merror[39m]: 
Invalid `prisma.tradingAccount.deleteMany()` invocation:


Foreign key constraint violated: `Trade_accountId_fkey (index)`
2026-06-11 03:22:44 [[31merror[39m]: 
Invalid `prisma.tradingAccount.deleteMany()` invocation:


Foreign key constraint violated: `BreachEvent_accountId_fkey (index)`
2026-06-11 03:22:47 [[31merror[39m]: 
Invalid `prisma.tradingAccount.deleteMany()` invocation:


Foreign key constraint violated: `BreachEvent_accountId_fkey (index)`
2026-06-11 03:22:48 [[31merror[39m]: 
Invalid `prisma.tradingAccount.deleteMany()` invocation:


Foreign key constraint violated: `Trade_accountId_fkey (index)`
2026-06-11 03:23:00 [[31merror[39m]: 
Invalid `prisma.tradingAccount.deleteMany()` invocation:


Foreign key constraint violated: `BreachEvent_accountId_fkey (index)`
2026-06-11 05:45:00 [[31merror[39m]: 
Invalid `prisma.order.findUnique()` invocation:

{
  where: {
    id: "1330321b-ca29-43c0-b0cb-ab1cc414c382"
  },
  select: {
    id: true,
    amount: true,
    ~~~~~~
    challengeType: true,
?   traderId?: true,
?   accountSize?: true,
?   pricePaid?: true,
?   currency?: true,
?   paymentMethod?: true,
?   paymentProvider?: true,
?   paymentReference?: true,
?   paymentStatus?: true,
?   promoCode?: true,
?   discountAmount?: true,
?   createdAt?: true,
?   updatedAt?: true,
?   paidAt?: true,
?   accounts?: true,
?   webhookEvents?: true,
?   _count?: true
  }
}

Unknown field `amount` for select statement on model `Order`. Available options are marked with ?.
2026-06-11 06:49:51 [[31merror[39m]: 
Invalid `prisma.trader.delete()` invocation:


Foreign key constraint violated: `AffiliateStats_traderId_fkey (index)`
2026-06-11 06:49:55 [[31merror[39m]: 
Invalid `prisma.trader.delete()` invocation:


Foreign key constraint violated: `AffiliateStats_traderId_fkey (index)`
2026-06-11 06:49:58 [[31merror[39m]: 
Invalid `prisma.trader.delete()` invocation:


Foreign key constraint violated: `AffiliateStats_traderId_fkey (index)`
2026-06-11 06:50:00 [[31merror[39m]: 
Invalid `prisma.trader.delete()` invocation:


Foreign key constraint violated: `AffiliateStats_traderId_fkey (index)`
